<?xml version="1.0" encoding="UTF-8"?>
<robot generator="Robot 5.0.1 (Python 3.7.2 on win32)" generated="20221010 23:51:14.255" rpa="false" schemaversion="3">
<suite id="s1" name="Test1" source="C:\Users\EDA\PycharmProjects\BeymenTest\TestCase\test1.robot">
<test id="s1-t1" name="Login HomePage" line="83">
<kw name="Validate homePage">
<arg>${beymen_url}</arg>
<kw name="Create Webdriver" library="SeleniumLibrary">
<arg>Chrome</arg>
<arg>executable_path=C:/Users/EDA/Desktop/chromedriver</arg>
<doc>Creates an instance of Selenium WebDriver.</doc>
<msg timestamp="20221010 23:51:14.993" level="INFO">Creating an instance of the Chrome WebDriver.</msg>
<status status="PASS" starttime="20221010 23:51:14.992" endtime="20221010 23:51:17.308"/>
</kw>
<kw name="Go To" library="SeleniumLibrary">
<arg>${url}</arg>
<doc>Navigates the current browser window to the provided ``url``.</doc>
<msg timestamp="20221010 23:51:17.309" level="INFO">Opening url 'https://www.beymen.com/'</msg>
<status status="PASS" starttime="20221010 23:51:17.309" endtime="20221010 23:51:26.032"/>
</kw>
<kw name="Maximize Browser Window" library="SeleniumLibrary">
<doc>Maximizes current browser window.</doc>
<status status="PASS" starttime="20221010 23:51:26.033" endtime="20221010 23:51:26.258"/>
</kw>
<status status="PASS" starttime="20221010 23:51:14.991" endtime="20221010 23:51:26.258"/>
</kw>
<kw name="Wait Until Element Is Loceted in the Page">
<kw name="Wait Until Element Is Visible" library="SeleniumLibrary">
<arg>${home_page_load}</arg>
<doc>Waits until the element ``locator`` is visible.</doc>
<status status="PASS" starttime="20221010 23:51:26.261" endtime="20221010 23:51:26.406"/>
</kw>
<status status="PASS" starttime="20221010 23:51:26.260" endtime="20221010 23:51:26.406"/>
</kw>
<kw name="Search for Products">
<arg>şort</arg>
<kw name="Input Text" library="SeleniumLibrary">
<arg>${search_text}</arg>
<arg>${product_name}</arg>
<doc>Types the given ``text`` into the text field identified by ``locator``.</doc>
<msg timestamp="20221010 23:51:26.409" level="INFO">Typing text 'şort' into text field '//input[@class='default-input o-header__search--input']'.</msg>
<status status="PASS" starttime="20221010 23:51:26.408" endtime="20221010 23:51:26.661"/>
</kw>
<status status="PASS" starttime="20221010 23:51:26.407" endtime="20221010 23:51:26.661"/>
</kw>
<kw name="Press Keys" library="SeleniumLibrary">
<arg>${search_text}</arg>
<arg>CTRL+a</arg>
<arg>BACKSPACE</arg>
<doc>Simulates the user pressing key(s) to an element or on the active browser.</doc>
<msg timestamp="20221010 23:51:26.665" level="INFO">Sending key(s) ('CTRL+a', 'BACKSPACE') to //input[@class='default-input o-header__search--input'] element.</msg>
<msg timestamp="20221010 23:51:27.716" level="INFO">Pressing special key CONTROL down.</msg>
<msg timestamp="20221010 23:51:27.716" level="INFO">Sending key a</msg>
<msg timestamp="20221010 23:51:27.716" level="INFO">Releasing special key CONTROL.</msg>
<msg timestamp="20221010 23:51:27.732" level="INFO">Pressing special key BACKSPACE to element.</msg>
<msg timestamp="20221010 23:51:27.732" level="INFO">Releasing special key BACKSPACE.</msg>
<status status="PASS" starttime="20221010 23:51:26.663" endtime="20221010 23:51:27.746"/>
</kw>
<kw name="Search for Products">
<arg>gömlek</arg>
<kw name="Input Text" library="SeleniumLibrary">
<arg>${search_text}</arg>
<arg>${product_name}</arg>
<doc>Types the given ``text`` into the text field identified by ``locator``.</doc>
<msg timestamp="20221010 23:51:27.749" level="INFO">Typing text 'gömlek' into text field '//input[@class='default-input o-header__search--input']'.</msg>
<status status="PASS" starttime="20221010 23:51:27.748" endtime="20221010 23:51:28.159"/>
</kw>
<status status="PASS" starttime="20221010 23:51:27.747" endtime="20221010 23:51:28.160"/>
</kw>
<kw name="Press Keys" library="SeleniumLibrary">
<arg>${search_text}</arg>
<arg>ENTER</arg>
<doc>Simulates the user pressing key(s) to an element or on the active browser.</doc>
<msg timestamp="20221010 23:51:28.162" level="INFO">Sending key(s) ('ENTER',) to //input[@class='default-input o-header__search--input'] element.</msg>
<msg timestamp="20221010 23:51:28.574" level="INFO">Pressing special key ENTER to element.</msg>
<msg timestamp="20221010 23:51:28.574" level="INFO">Releasing special key ENTER.</msg>
<status status="PASS" starttime="20221010 23:51:28.161" endtime="20221010 23:51:28.590"/>
</kw>
<kw name="Sleep" library="BuiltIn">
<arg>5s</arg>
<doc>Pauses the test executed for the given time.</doc>
<msg timestamp="20221010 23:51:33.594" level="INFO">Slept 5 seconds</msg>
<status status="PASS" starttime="20221010 23:51:28.591" endtime="20221010 23:51:33.594"/>
</kw>
<kw name="Choose Product">
<kw name="Create List" library="BuiltIn">
<var>${products}</var>
<doc>Returns a list containing given items.</doc>
<msg timestamp="20221010 23:51:33.598" level="INFO">${products} = []</msg>
<status status="PASS" starttime="20221010 23:51:33.597" endtime="20221010 23:51:33.598"/>
</kw>
<kw name="Get Element Count" library="SeleniumLibrary">
<var>${maxAccount}</var>
<arg>xpath://div[@data-component-name='list']</arg>
<doc>Returns the number of elements matching ``locator``.</doc>
<msg timestamp="20221010 23:51:33.996" level="INFO">${maxAccount} = 48</msg>
<status status="PASS" starttime="20221010 23:51:33.598" endtime="20221010 23:51:33.996"/>
</kw>
<for flavor="IN RANGE">
<var>${i}</var>
<value>${maxAccount}</value>
<iter>
<var name="${i}">0</var>
<kw name="Evaluate" library="BuiltIn">
<var>${index}</var>
<arg>${i} + 1</arg>
<doc>Evaluates the given expression in Python and returns the result.</doc>
<msg timestamp="20221010 23:51:33.998" level="INFO">${index} = 1</msg>
<status status="PASS" starttime="20221010 23:51:33.997" endtime="20221010 23:51:33.998"/>
</kw>
<kw name="Get Element Attribute" library="SeleniumLibrary">
<var>${productIdList}</var>
<arg>xpath:(//div[@class='m-productCard'])[${index}]</arg>
<arg>data-productid</arg>
<doc>Returns the value of ``attribute`` from the element ``locator``.</doc>
<msg timestamp="20221010 23:51:34.082" level="INFO">${productIdList} = 1008793</msg>
<status status="PASS" starttime="20221010 23:51:33.999" endtime="20221010 23:51:34.083"/>
</kw>
<kw name="Append To List" library="Collections">
<arg>${products}</arg>
<arg>${productIdList}</arg>
<doc>Adds ``values`` to the end of ``list``.</doc>
<status status="PASS" starttime="20221010 23:51:34.083" endtime="20221010 23:51:34.084"/>
</kw>
<status status="PASS" starttime="20221010 23:51:33.997" endtime="20221010 23:51:34.084"/>
</iter>
<iter>
<var name="${i}">1</var>
<kw name="Evaluate" library="BuiltIn">
<var>${index}</var>
<arg>${i} + 1</arg>
<doc>Evaluates the given expression in Python and returns the result.</doc>
<msg timestamp="20221010 23:51:34.088" level="INFO">${index} = 2</msg>
<status status="PASS" starttime="20221010 23:51:34.085" endtime="20221010 23:51:34.089"/>
</kw>
<kw name="Get Element Attribute" library="SeleniumLibrary">
<var>${productIdList}</var>
<arg>xpath:(//div[@class='m-productCard'])[${index}]</arg>
<arg>data-productid</arg>
<doc>Returns the value of ``attribute`` from the element ``locator``.</doc>
<msg timestamp="20221010 23:51:34.162" level="INFO">${productIdList} = 988288</msg>
<status status="PASS" starttime="20221010 23:51:34.089" endtime="20221010 23:51:34.162"/>
</kw>
<kw name="Append To List" library="Collections">
<arg>${products}</arg>
<arg>${productIdList}</arg>
<doc>Adds ``values`` to the end of ``list``.</doc>
<status status="PASS" starttime="20221010 23:51:34.163" endtime="20221010 23:51:34.164"/>
</kw>
<status status="PASS" starttime="20221010 23:51:34.084" endtime="20221010 23:51:34.164"/>
</iter>
<iter>
<var name="${i}">2</var>
<kw name="Evaluate" library="BuiltIn">
<var>${index}</var>
<arg>${i} + 1</arg>
<doc>Evaluates the given expression in Python and returns the result.</doc>
<msg timestamp="20221010 23:51:34.165" level="INFO">${index} = 3</msg>
<status status="PASS" starttime="20221010 23:51:34.165" endtime="20221010 23:51:34.165"/>
</kw>
<kw name="Get Element Attribute" library="SeleniumLibrary">
<var>${productIdList}</var>
<arg>xpath:(//div[@class='m-productCard'])[${index}]</arg>
<arg>data-productid</arg>
<doc>Returns the value of ``attribute`` from the element ``locator``.</doc>
<msg timestamp="20221010 23:51:34.212" level="INFO">${productIdList} = 1021364</msg>
<status status="PASS" starttime="20221010 23:51:34.166" endtime="20221010 23:51:34.212"/>
</kw>
<kw name="Append To List" library="Collections">
<arg>${products}</arg>
<arg>${productIdList}</arg>
<doc>Adds ``values`` to the end of ``list``.</doc>
<status status="PASS" starttime="20221010 23:51:34.212" endtime="20221010 23:51:34.214"/>
</kw>
<status status="PASS" starttime="20221010 23:51:34.164" endtime="20221010 23:51:34.214"/>
</iter>
<iter>
<var name="${i}">3</var>
<kw name="Evaluate" library="BuiltIn">
<var>${index}</var>
<arg>${i} + 1</arg>
<doc>Evaluates the given expression in Python and returns the result.</doc>
<msg timestamp="20221010 23:51:34.215" level="INFO">${index} = 4</msg>
<status status="PASS" starttime="20221010 23:51:34.214" endtime="20221010 23:51:34.215"/>
</kw>
<kw name="Get Element Attribute" library="SeleniumLibrary">
<var>${productIdList}</var>
<arg>xpath:(//div[@class='m-productCard'])[${index}]</arg>
<arg>data-productid</arg>
<doc>Returns the value of ``attribute`` from the element ``locator``.</doc>
<msg timestamp="20221010 23:51:34.263" level="INFO">${productIdList} = 975738</msg>
<status status="PASS" starttime="20221010 23:51:34.216" endtime="20221010 23:51:34.263"/>
</kw>
<kw name="Append To List" library="Collections">
<arg>${products}</arg>
<arg>${productIdList}</arg>
<doc>Adds ``values`` to the end of ``list``.</doc>
<status status="PASS" starttime="20221010 23:51:34.263" endtime="20221010 23:51:34.264"/>
</kw>
<status status="PASS" starttime="20221010 23:51:34.214" endtime="20221010 23:51:34.264"/>
</iter>
<iter>
<var name="${i}">4</var>
<kw name="Evaluate" library="BuiltIn">
<var>${index}</var>
<arg>${i} + 1</arg>
<doc>Evaluates the given expression in Python and returns the result.</doc>
<msg timestamp="20221010 23:51:34.265" level="INFO">${index} = 5</msg>
<status status="PASS" starttime="20221010 23:51:34.264" endtime="20221010 23:51:34.265"/>
</kw>
<kw name="Get Element Attribute" library="SeleniumLibrary">
<var>${productIdList}</var>
<arg>xpath:(//div[@class='m-productCard'])[${index}]</arg>
<arg>data-productid</arg>
<doc>Returns the value of ``attribute`` from the element ``locator``.</doc>
<msg timestamp="20221010 23:51:34.331" level="INFO">${productIdList} = 1028226</msg>
<status status="PASS" starttime="20221010 23:51:34.266" endtime="20221010 23:51:34.332"/>
</kw>
<kw name="Append To List" library="Collections">
<arg>${products}</arg>
<arg>${productIdList}</arg>
<doc>Adds ``values`` to the end of ``list``.</doc>
<status status="PASS" starttime="20221010 23:51:34.332" endtime="20221010 23:51:34.333"/>
</kw>
<status status="PASS" starttime="20221010 23:51:34.264" endtime="20221010 23:51:34.333"/>
</iter>
<iter>
<var name="${i}">5</var>
<kw name="Evaluate" library="BuiltIn">
<var>${index}</var>
<arg>${i} + 1</arg>
<doc>Evaluates the given expression in Python and returns the result.</doc>
<msg timestamp="20221010 23:51:34.334" level="INFO">${index} = 6</msg>
<status status="PASS" starttime="20221010 23:51:34.333" endtime="20221010 23:51:34.334"/>
</kw>
<kw name="Get Element Attribute" library="SeleniumLibrary">
<var>${productIdList}</var>
<arg>xpath:(//div[@class='m-productCard'])[${index}]</arg>
<arg>data-productid</arg>
<doc>Returns the value of ``attribute`` from the element ``locator``.</doc>
<msg timestamp="20221010 23:51:34.378" level="INFO">${productIdList} = 1001328</msg>
<status status="PASS" starttime="20221010 23:51:34.335" endtime="20221010 23:51:34.378"/>
</kw>
<kw name="Append To List" library="Collections">
<arg>${products}</arg>
<arg>${productIdList}</arg>
<doc>Adds ``values`` to the end of ``list``.</doc>
<status status="PASS" starttime="20221010 23:51:34.379" endtime="20221010 23:51:34.379"/>
</kw>
<status status="PASS" starttime="20221010 23:51:34.333" endtime="20221010 23:51:34.379"/>
</iter>
<iter>
<var name="${i}">6</var>
<kw name="Evaluate" library="BuiltIn">
<var>${index}</var>
<arg>${i} + 1</arg>
<doc>Evaluates the given expression in Python and returns the result.</doc>
<msg timestamp="20221010 23:51:34.380" level="INFO">${index} = 7</msg>
<status status="PASS" starttime="20221010 23:51:34.380" endtime="20221010 23:51:34.380"/>
</kw>
<kw name="Get Element Attribute" library="SeleniumLibrary">
<var>${productIdList}</var>
<arg>xpath:(//div[@class='m-productCard'])[${index}]</arg>
<arg>data-productid</arg>
<doc>Returns the value of ``attribute`` from the element ``locator``.</doc>
<msg timestamp="20221010 23:51:34.421" level="INFO">${productIdList} = 835929</msg>
<status status="PASS" starttime="20221010 23:51:34.381" endtime="20221010 23:51:34.422"/>
</kw>
<kw name="Append To List" library="Collections">
<arg>${products}</arg>
<arg>${productIdList}</arg>
<doc>Adds ``values`` to the end of ``list``.</doc>
<status status="PASS" starttime="20221010 23:51:34.422" endtime="20221010 23:51:34.423"/>
</kw>
<status status="PASS" starttime="20221010 23:51:34.380" endtime="20221010 23:51:34.423"/>
</iter>
<iter>
<var name="${i}">7</var>
<kw name="Evaluate" library="BuiltIn">
<var>${index}</var>
<arg>${i} + 1</arg>
<doc>Evaluates the given expression in Python and returns the result.</doc>
<msg timestamp="20221010 23:51:34.424" level="INFO">${index} = 8</msg>
<status status="PASS" starttime="20221010 23:51:34.423" endtime="20221010 23:51:34.424"/>
</kw>
<kw name="Get Element Attribute" library="SeleniumLibrary">
<var>${productIdList}</var>
<arg>xpath:(//div[@class='m-productCard'])[${index}]</arg>
<arg>data-productid</arg>
<doc>Returns the value of ``attribute`` from the element ``locator``.</doc>
<msg timestamp="20221010 23:51:34.472" level="INFO">${productIdList} = 985530</msg>
<status status="PASS" starttime="20221010 23:51:34.424" endtime="20221010 23:51:34.472"/>
</kw>
<kw name="Append To List" library="Collections">
<arg>${products}</arg>
<arg>${productIdList}</arg>
<doc>Adds ``values`` to the end of ``list``.</doc>
<status status="PASS" starttime="20221010 23:51:34.472" endtime="20221010 23:51:34.473"/>
</kw>
<status status="PASS" starttime="20221010 23:51:34.423" endtime="20221010 23:51:34.473"/>
</iter>
<iter>
<var name="${i}">8</var>
<kw name="Evaluate" library="BuiltIn">
<var>${index}</var>
<arg>${i} + 1</arg>
<doc>Evaluates the given expression in Python and returns the result.</doc>
<msg timestamp="20221010 23:51:34.474" level="INFO">${index} = 9</msg>
<status status="PASS" starttime="20221010 23:51:34.474" endtime="20221010 23:51:34.474"/>
</kw>
<kw name="Get Element Attribute" library="SeleniumLibrary">
<var>${productIdList}</var>
<arg>xpath:(//div[@class='m-productCard'])[${index}]</arg>
<arg>data-productid</arg>
<doc>Returns the value of ``attribute`` from the element ``locator``.</doc>
<msg timestamp="20221010 23:51:34.519" level="INFO">${productIdList} = 1018974</msg>
<status status="PASS" starttime="20221010 23:51:34.474" endtime="20221010 23:51:34.519"/>
</kw>
<kw name="Append To List" library="Collections">
<arg>${products}</arg>
<arg>${productIdList}</arg>
<doc>Adds ``values`` to the end of ``list``.</doc>
<status status="PASS" starttime="20221010 23:51:34.520" endtime="20221010 23:51:34.521"/>
</kw>
<status status="PASS" starttime="20221010 23:51:34.473" endtime="20221010 23:51:34.521"/>
</iter>
<iter>
<var name="${i}">9</var>
<kw name="Evaluate" library="BuiltIn">
<var>${index}</var>
<arg>${i} + 1</arg>
<doc>Evaluates the given expression in Python and returns the result.</doc>
<msg timestamp="20221010 23:51:34.522" level="INFO">${index} = 10</msg>
<status status="PASS" starttime="20221010 23:51:34.522" endtime="20221010 23:51:34.523"/>
</kw>
<kw name="Get Element Attribute" library="SeleniumLibrary">
<var>${productIdList}</var>
<arg>xpath:(//div[@class='m-productCard'])[${index}]</arg>
<arg>data-productid</arg>
<doc>Returns the value of ``attribute`` from the element ``locator``.</doc>
<msg timestamp="20221010 23:51:35.961" level="INFO">${productIdList} = 985522</msg>
<status status="PASS" starttime="20221010 23:51:34.523" endtime="20221010 23:51:35.961"/>
</kw>
<kw name="Append To List" library="Collections">
<arg>${products}</arg>
<arg>${productIdList}</arg>
<doc>Adds ``values`` to the end of ``list``.</doc>
<status status="PASS" starttime="20221010 23:51:35.961" endtime="20221010 23:51:35.962"/>
</kw>
<status status="PASS" starttime="20221010 23:51:34.521" endtime="20221010 23:51:35.962"/>
</iter>
<iter>
<var name="${i}">10</var>
<kw name="Evaluate" library="BuiltIn">
<var>${index}</var>
<arg>${i} + 1</arg>
<doc>Evaluates the given expression in Python and returns the result.</doc>
<msg timestamp="20221010 23:51:35.963" level="INFO">${index} = 11</msg>
<status status="PASS" starttime="20221010 23:51:35.962" endtime="20221010 23:51:35.963"/>
</kw>
<kw name="Get Element Attribute" library="SeleniumLibrary">
<var>${productIdList}</var>
<arg>xpath:(//div[@class='m-productCard'])[${index}]</arg>
<arg>data-productid</arg>
<doc>Returns the value of ``attribute`` from the element ``locator``.</doc>
<msg timestamp="20221010 23:51:36.566" level="INFO">${productIdList} = 959298</msg>
<status status="PASS" starttime="20221010 23:51:35.963" endtime="20221010 23:51:36.566"/>
</kw>
<kw name="Append To List" library="Collections">
<arg>${products}</arg>
<arg>${productIdList}</arg>
<doc>Adds ``values`` to the end of ``list``.</doc>
<status status="PASS" starttime="20221010 23:51:36.566" endtime="20221010 23:51:36.567"/>
</kw>
<status status="PASS" starttime="20221010 23:51:35.962" endtime="20221010 23:51:36.567"/>
</iter>
<iter>
<var name="${i}">11</var>
<kw name="Evaluate" library="BuiltIn">
<var>${index}</var>
<arg>${i} + 1</arg>
<doc>Evaluates the given expression in Python and returns the result.</doc>
<msg timestamp="20221010 23:51:36.568" level="INFO">${index} = 12</msg>
<status status="PASS" starttime="20221010 23:51:36.567" endtime="20221010 23:51:36.568"/>
</kw>
<kw name="Get Element Attribute" library="SeleniumLibrary">
<var>${productIdList}</var>
<arg>xpath:(//div[@class='m-productCard'])[${index}]</arg>
<arg>data-productid</arg>
<doc>Returns the value of ``attribute`` from the element ``locator``.</doc>
<msg timestamp="20221010 23:51:36.620" level="INFO">${productIdList} = 1010774</msg>
<status status="PASS" starttime="20221010 23:51:36.568" endtime="20221010 23:51:36.620"/>
</kw>
<kw name="Append To List" library="Collections">
<arg>${products}</arg>
<arg>${productIdList}</arg>
<doc>Adds ``values`` to the end of ``list``.</doc>
<status status="PASS" starttime="20221010 23:51:36.620" endtime="20221010 23:51:36.621"/>
</kw>
<status status="PASS" starttime="20221010 23:51:36.567" endtime="20221010 23:51:36.621"/>
</iter>
<iter>
<var name="${i}">12</var>
<kw name="Evaluate" library="BuiltIn">
<var>${index}</var>
<arg>${i} + 1</arg>
<doc>Evaluates the given expression in Python and returns the result.</doc>
<msg timestamp="20221010 23:51:36.623" level="INFO">${index} = 13</msg>
<status status="PASS" starttime="20221010 23:51:36.622" endtime="20221010 23:51:36.623"/>
</kw>
<kw name="Get Element Attribute" library="SeleniumLibrary">
<var>${productIdList}</var>
<arg>xpath:(//div[@class='m-productCard'])[${index}]</arg>
<arg>data-productid</arg>
<doc>Returns the value of ``attribute`` from the element ``locator``.</doc>
<msg timestamp="20221010 23:51:36.666" level="INFO">${productIdList} = 997356</msg>
<status status="PASS" starttime="20221010 23:51:36.623" endtime="20221010 23:51:36.666"/>
</kw>
<kw name="Append To List" library="Collections">
<arg>${products}</arg>
<arg>${productIdList}</arg>
<doc>Adds ``values`` to the end of ``list``.</doc>
<status status="PASS" starttime="20221010 23:51:36.666" endtime="20221010 23:51:36.667"/>
</kw>
<status status="PASS" starttime="20221010 23:51:36.621" endtime="20221010 23:51:36.667"/>
</iter>
<iter>
<var name="${i}">13</var>
<kw name="Evaluate" library="BuiltIn">
<var>${index}</var>
<arg>${i} + 1</arg>
<doc>Evaluates the given expression in Python and returns the result.</doc>
<msg timestamp="20221010 23:51:36.668" level="INFO">${index} = 14</msg>
<status status="PASS" starttime="20221010 23:51:36.668" endtime="20221010 23:51:36.668"/>
</kw>
<kw name="Get Element Attribute" library="SeleniumLibrary">
<var>${productIdList}</var>
<arg>xpath:(//div[@class='m-productCard'])[${index}]</arg>
<arg>data-productid</arg>
<doc>Returns the value of ``attribute`` from the element ``locator``.</doc>
<msg timestamp="20221010 23:51:36.711" level="INFO">${productIdList} = 989953</msg>
<status status="PASS" starttime="20221010 23:51:36.669" endtime="20221010 23:51:36.711"/>
</kw>
<kw name="Append To List" library="Collections">
<arg>${products}</arg>
<arg>${productIdList}</arg>
<doc>Adds ``values`` to the end of ``list``.</doc>
<status status="PASS" starttime="20221010 23:51:36.712" endtime="20221010 23:51:36.712"/>
</kw>
<status status="PASS" starttime="20221010 23:51:36.667" endtime="20221010 23:51:36.713"/>
</iter>
<iter>
<var name="${i}">14</var>
<kw name="Evaluate" library="BuiltIn">
<var>${index}</var>
<arg>${i} + 1</arg>
<doc>Evaluates the given expression in Python and returns the result.</doc>
<msg timestamp="20221010 23:51:36.714" level="INFO">${index} = 15</msg>
<status status="PASS" starttime="20221010 23:51:36.713" endtime="20221010 23:51:36.714"/>
</kw>
<kw name="Get Element Attribute" library="SeleniumLibrary">
<var>${productIdList}</var>
<arg>xpath:(//div[@class='m-productCard'])[${index}]</arg>
<arg>data-productid</arg>
<doc>Returns the value of ``attribute`` from the element ``locator``.</doc>
<msg timestamp="20221010 23:51:36.755" level="INFO">${productIdList} = 976921</msg>
<status status="PASS" starttime="20221010 23:51:36.714" endtime="20221010 23:51:36.755"/>
</kw>
<kw name="Append To List" library="Collections">
<arg>${products}</arg>
<arg>${productIdList}</arg>
<doc>Adds ``values`` to the end of ``list``.</doc>
<status status="PASS" starttime="20221010 23:51:36.755" endtime="20221010 23:51:36.756"/>
</kw>
<status status="PASS" starttime="20221010 23:51:36.713" endtime="20221010 23:51:36.756"/>
</iter>
<iter>
<var name="${i}">15</var>
<kw name="Evaluate" library="BuiltIn">
<var>${index}</var>
<arg>${i} + 1</arg>
<doc>Evaluates the given expression in Python and returns the result.</doc>
<msg timestamp="20221010 23:51:36.757" level="INFO">${index} = 16</msg>
<status status="PASS" starttime="20221010 23:51:36.756" endtime="20221010 23:51:36.757"/>
</kw>
<kw name="Get Element Attribute" library="SeleniumLibrary">
<var>${productIdList}</var>
<arg>xpath:(//div[@class='m-productCard'])[${index}]</arg>
<arg>data-productid</arg>
<doc>Returns the value of ``attribute`` from the element ``locator``.</doc>
<msg timestamp="20221010 23:51:36.804" level="INFO">${productIdList} = 910334</msg>
<status status="PASS" starttime="20221010 23:51:36.757" endtime="20221010 23:51:36.804"/>
</kw>
<kw name="Append To List" library="Collections">
<arg>${products}</arg>
<arg>${productIdList}</arg>
<doc>Adds ``values`` to the end of ``list``.</doc>
<status status="PASS" starttime="20221010 23:51:36.804" endtime="20221010 23:51:36.805"/>
</kw>
<status status="PASS" starttime="20221010 23:51:36.756" endtime="20221010 23:51:36.805"/>
</iter>
<iter>
<var name="${i}">16</var>
<kw name="Evaluate" library="BuiltIn">
<var>${index}</var>
<arg>${i} + 1</arg>
<doc>Evaluates the given expression in Python and returns the result.</doc>
<msg timestamp="20221010 23:51:36.807" level="INFO">${index} = 17</msg>
<status status="PASS" starttime="20221010 23:51:36.806" endtime="20221010 23:51:36.807"/>
</kw>
<kw name="Get Element Attribute" library="SeleniumLibrary">
<var>${productIdList}</var>
<arg>xpath:(//div[@class='m-productCard'])[${index}]</arg>
<arg>data-productid</arg>
<doc>Returns the value of ``attribute`` from the element ``locator``.</doc>
<msg timestamp="20221010 23:51:36.848" level="INFO">${productIdList} = 989394</msg>
<status status="PASS" starttime="20221010 23:51:36.807" endtime="20221010 23:51:36.848"/>
</kw>
<kw name="Append To List" library="Collections">
<arg>${products}</arg>
<arg>${productIdList}</arg>
<doc>Adds ``values`` to the end of ``list``.</doc>
<status status="PASS" starttime="20221010 23:51:36.849" endtime="20221010 23:51:36.849"/>
</kw>
<status status="PASS" starttime="20221010 23:51:36.806" endtime="20221010 23:51:36.849"/>
</iter>
<iter>
<var name="${i}">17</var>
<kw name="Evaluate" library="BuiltIn">
<var>${index}</var>
<arg>${i} + 1</arg>
<doc>Evaluates the given expression in Python and returns the result.</doc>
<msg timestamp="20221010 23:51:36.850" level="INFO">${index} = 18</msg>
<status status="PASS" starttime="20221010 23:51:36.850" endtime="20221010 23:51:36.850"/>
</kw>
<kw name="Get Element Attribute" library="SeleniumLibrary">
<var>${productIdList}</var>
<arg>xpath:(//div[@class='m-productCard'])[${index}]</arg>
<arg>data-productid</arg>
<doc>Returns the value of ``attribute`` from the element ``locator``.</doc>
<msg timestamp="20221010 23:51:36.893" level="INFO">${productIdList} = 984040</msg>
<status status="PASS" starttime="20221010 23:51:36.851" endtime="20221010 23:51:36.893"/>
</kw>
<kw name="Append To List" library="Collections">
<arg>${products}</arg>
<arg>${productIdList}</arg>
<doc>Adds ``values`` to the end of ``list``.</doc>
<status status="PASS" starttime="20221010 23:51:36.893" endtime="20221010 23:51:36.894"/>
</kw>
<status status="PASS" starttime="20221010 23:51:36.850" endtime="20221010 23:51:36.894"/>
</iter>
<iter>
<var name="${i}">18</var>
<kw name="Evaluate" library="BuiltIn">
<var>${index}</var>
<arg>${i} + 1</arg>
<doc>Evaluates the given expression in Python and returns the result.</doc>
<msg timestamp="20221010 23:51:36.895" level="INFO">${index} = 19</msg>
<status status="PASS" starttime="20221010 23:51:36.894" endtime="20221010 23:51:36.895"/>
</kw>
<kw name="Get Element Attribute" library="SeleniumLibrary">
<var>${productIdList}</var>
<arg>xpath:(//div[@class='m-productCard'])[${index}]</arg>
<arg>data-productid</arg>
<doc>Returns the value of ``attribute`` from the element ``locator``.</doc>
<msg timestamp="20221010 23:51:36.996" level="INFO">${productIdList} = 522140</msg>
<status status="PASS" starttime="20221010 23:51:36.896" endtime="20221010 23:51:36.996"/>
</kw>
<kw name="Append To List" library="Collections">
<arg>${products}</arg>
<arg>${productIdList}</arg>
<doc>Adds ``values`` to the end of ``list``.</doc>
<status status="PASS" starttime="20221010 23:51:36.996" endtime="20221010 23:51:36.997"/>
</kw>
<status status="PASS" starttime="20221010 23:51:36.894" endtime="20221010 23:51:36.998"/>
</iter>
<iter>
<var name="${i}">19</var>
<kw name="Evaluate" library="BuiltIn">
<var>${index}</var>
<arg>${i} + 1</arg>
<doc>Evaluates the given expression in Python and returns the result.</doc>
<msg timestamp="20221010 23:51:36.999" level="INFO">${index} = 20</msg>
<status status="PASS" starttime="20221010 23:51:36.999" endtime="20221010 23:51:37.000"/>
</kw>
<kw name="Get Element Attribute" library="SeleniumLibrary">
<var>${productIdList}</var>
<arg>xpath:(//div[@class='m-productCard'])[${index}]</arg>
<arg>data-productid</arg>
<doc>Returns the value of ``attribute`` from the element ``locator``.</doc>
<msg timestamp="20221010 23:51:37.092" level="INFO">${productIdList} = 975709</msg>
<status status="PASS" starttime="20221010 23:51:37.000" endtime="20221010 23:51:37.093"/>
</kw>
<kw name="Append To List" library="Collections">
<arg>${products}</arg>
<arg>${productIdList}</arg>
<doc>Adds ``values`` to the end of ``list``.</doc>
<status status="PASS" starttime="20221010 23:51:37.093" endtime="20221010 23:51:37.094"/>
</kw>
<status status="PASS" starttime="20221010 23:51:36.998" endtime="20221010 23:51:37.094"/>
</iter>
<iter>
<var name="${i}">20</var>
<kw name="Evaluate" library="BuiltIn">
<var>${index}</var>
<arg>${i} + 1</arg>
<doc>Evaluates the given expression in Python and returns the result.</doc>
<msg timestamp="20221010 23:51:37.095" level="INFO">${index} = 21</msg>
<status status="PASS" starttime="20221010 23:51:37.095" endtime="20221010 23:51:37.095"/>
</kw>
<kw name="Get Element Attribute" library="SeleniumLibrary">
<var>${productIdList}</var>
<arg>xpath:(//div[@class='m-productCard'])[${index}]</arg>
<arg>data-productid</arg>
<doc>Returns the value of ``attribute`` from the element ``locator``.</doc>
<msg timestamp="20221010 23:51:37.139" level="INFO">${productIdList} = 968869</msg>
<status status="PASS" starttime="20221010 23:51:37.096" endtime="20221010 23:51:37.139"/>
</kw>
<kw name="Append To List" library="Collections">
<arg>${products}</arg>
<arg>${productIdList}</arg>
<doc>Adds ``values`` to the end of ``list``.</doc>
<status status="PASS" starttime="20221010 23:51:37.140" endtime="20221010 23:51:37.141"/>
</kw>
<status status="PASS" starttime="20221010 23:51:37.094" endtime="20221010 23:51:37.141"/>
</iter>
<iter>
<var name="${i}">21</var>
<kw name="Evaluate" library="BuiltIn">
<var>${index}</var>
<arg>${i} + 1</arg>
<doc>Evaluates the given expression in Python and returns the result.</doc>
<msg timestamp="20221010 23:51:37.142" level="INFO">${index} = 22</msg>
<status status="PASS" starttime="20221010 23:51:37.142" endtime="20221010 23:51:37.142"/>
</kw>
<kw name="Get Element Attribute" library="SeleniumLibrary">
<var>${productIdList}</var>
<arg>xpath:(//div[@class='m-productCard'])[${index}]</arg>
<arg>data-productid</arg>
<doc>Returns the value of ``attribute`` from the element ``locator``.</doc>
<msg timestamp="20221010 23:51:37.193" level="INFO">${productIdList} = 975810</msg>
<status status="PASS" starttime="20221010 23:51:37.143" endtime="20221010 23:51:37.193"/>
</kw>
<kw name="Append To List" library="Collections">
<arg>${products}</arg>
<arg>${productIdList}</arg>
<doc>Adds ``values`` to the end of ``list``.</doc>
<status status="PASS" starttime="20221010 23:51:37.194" endtime="20221010 23:51:37.195"/>
</kw>
<status status="PASS" starttime="20221010 23:51:37.141" endtime="20221010 23:51:37.195"/>
</iter>
<iter>
<var name="${i}">22</var>
<kw name="Evaluate" library="BuiltIn">
<var>${index}</var>
<arg>${i} + 1</arg>
<doc>Evaluates the given expression in Python and returns the result.</doc>
<msg timestamp="20221010 23:51:37.196" level="INFO">${index} = 23</msg>
<status status="PASS" starttime="20221010 23:51:37.195" endtime="20221010 23:51:37.196"/>
</kw>
<kw name="Get Element Attribute" library="SeleniumLibrary">
<var>${productIdList}</var>
<arg>xpath:(//div[@class='m-productCard'])[${index}]</arg>
<arg>data-productid</arg>
<doc>Returns the value of ``attribute`` from the element ``locator``.</doc>
<msg timestamp="20221010 23:51:37.243" level="INFO">${productIdList} = 988985</msg>
<status status="PASS" starttime="20221010 23:51:37.196" endtime="20221010 23:51:37.243"/>
</kw>
<kw name="Append To List" library="Collections">
<arg>${products}</arg>
<arg>${productIdList}</arg>
<doc>Adds ``values`` to the end of ``list``.</doc>
<status status="PASS" starttime="20221010 23:51:37.243" endtime="20221010 23:51:37.244"/>
</kw>
<status status="PASS" starttime="20221010 23:51:37.195" endtime="20221010 23:51:37.244"/>
</iter>
<iter>
<var name="${i}">23</var>
<kw name="Evaluate" library="BuiltIn">
<var>${index}</var>
<arg>${i} + 1</arg>
<doc>Evaluates the given expression in Python and returns the result.</doc>
<msg timestamp="20221010 23:51:37.245" level="INFO">${index} = 24</msg>
<status status="PASS" starttime="20221010 23:51:37.245" endtime="20221010 23:51:37.245"/>
</kw>
<kw name="Get Element Attribute" library="SeleniumLibrary">
<var>${productIdList}</var>
<arg>xpath:(//div[@class='m-productCard'])[${index}]</arg>
<arg>data-productid</arg>
<doc>Returns the value of ``attribute`` from the element ``locator``.</doc>
<msg timestamp="20221010 23:51:37.291" level="INFO">${productIdList} = 962752</msg>
<status status="PASS" starttime="20221010 23:51:37.245" endtime="20221010 23:51:37.291"/>
</kw>
<kw name="Append To List" library="Collections">
<arg>${products}</arg>
<arg>${productIdList}</arg>
<doc>Adds ``values`` to the end of ``list``.</doc>
<status status="PASS" starttime="20221010 23:51:37.292" endtime="20221010 23:51:37.293"/>
</kw>
<status status="PASS" starttime="20221010 23:51:37.244" endtime="20221010 23:51:37.293"/>
</iter>
<iter>
<var name="${i}">24</var>
<kw name="Evaluate" library="BuiltIn">
<var>${index}</var>
<arg>${i} + 1</arg>
<doc>Evaluates the given expression in Python and returns the result.</doc>
<msg timestamp="20221010 23:51:37.294" level="INFO">${index} = 25</msg>
<status status="PASS" starttime="20221010 23:51:37.293" endtime="20221010 23:51:37.294"/>
</kw>
<kw name="Get Element Attribute" library="SeleniumLibrary">
<var>${productIdList}</var>
<arg>xpath:(//div[@class='m-productCard'])[${index}]</arg>
<arg>data-productid</arg>
<doc>Returns the value of ``attribute`` from the element ``locator``.</doc>
<msg timestamp="20221010 23:51:37.338" level="INFO">${productIdList} = 969940</msg>
<status status="PASS" starttime="20221010 23:51:37.295" endtime="20221010 23:51:37.338"/>
</kw>
<kw name="Append To List" library="Collections">
<arg>${products}</arg>
<arg>${productIdList}</arg>
<doc>Adds ``values`` to the end of ``list``.</doc>
<status status="PASS" starttime="20221010 23:51:37.338" endtime="20221010 23:51:37.339"/>
</kw>
<status status="PASS" starttime="20221010 23:51:37.293" endtime="20221010 23:51:37.339"/>
</iter>
<iter>
<var name="${i}">25</var>
<kw name="Evaluate" library="BuiltIn">
<var>${index}</var>
<arg>${i} + 1</arg>
<doc>Evaluates the given expression in Python and returns the result.</doc>
<msg timestamp="20221010 23:51:37.340" level="INFO">${index} = 26</msg>
<status status="PASS" starttime="20221010 23:51:37.340" endtime="20221010 23:51:37.340"/>
</kw>
<kw name="Get Element Attribute" library="SeleniumLibrary">
<var>${productIdList}</var>
<arg>xpath:(//div[@class='m-productCard'])[${index}]</arg>
<arg>data-productid</arg>
<doc>Returns the value of ``attribute`` from the element ``locator``.</doc>
<msg timestamp="20221010 23:51:37.383" level="INFO">${productIdList} = 970292</msg>
<status status="PASS" starttime="20221010 23:51:37.341" endtime="20221010 23:51:37.383"/>
</kw>
<kw name="Append To List" library="Collections">
<arg>${products}</arg>
<arg>${productIdList}</arg>
<doc>Adds ``values`` to the end of ``list``.</doc>
<status status="PASS" starttime="20221010 23:51:37.383" endtime="20221010 23:51:37.384"/>
</kw>
<status status="PASS" starttime="20221010 23:51:37.340" endtime="20221010 23:51:37.384"/>
</iter>
<iter>
<var name="${i}">26</var>
<kw name="Evaluate" library="BuiltIn">
<var>${index}</var>
<arg>${i} + 1</arg>
<doc>Evaluates the given expression in Python and returns the result.</doc>
<msg timestamp="20221010 23:51:37.385" level="INFO">${index} = 27</msg>
<status status="PASS" starttime="20221010 23:51:37.384" endtime="20221010 23:51:37.385"/>
</kw>
<kw name="Get Element Attribute" library="SeleniumLibrary">
<var>${productIdList}</var>
<arg>xpath:(//div[@class='m-productCard'])[${index}]</arg>
<arg>data-productid</arg>
<doc>Returns the value of ``attribute`` from the element ``locator``.</doc>
<msg timestamp="20221010 23:51:37.427" level="INFO">${productIdList} = 985822</msg>
<status status="PASS" starttime="20221010 23:51:37.385" endtime="20221010 23:51:37.427"/>
</kw>
<kw name="Append To List" library="Collections">
<arg>${products}</arg>
<arg>${productIdList}</arg>
<doc>Adds ``values`` to the end of ``list``.</doc>
<status status="PASS" starttime="20221010 23:51:37.428" endtime="20221010 23:51:37.428"/>
</kw>
<status status="PASS" starttime="20221010 23:51:37.384" endtime="20221010 23:51:37.428"/>
</iter>
<iter>
<var name="${i}">27</var>
<kw name="Evaluate" library="BuiltIn">
<var>${index}</var>
<arg>${i} + 1</arg>
<doc>Evaluates the given expression in Python and returns the result.</doc>
<msg timestamp="20221010 23:51:37.429" level="INFO">${index} = 28</msg>
<status status="PASS" starttime="20221010 23:51:37.429" endtime="20221010 23:51:37.429"/>
</kw>
<kw name="Get Element Attribute" library="SeleniumLibrary">
<var>${productIdList}</var>
<arg>xpath:(//div[@class='m-productCard'])[${index}]</arg>
<arg>data-productid</arg>
<doc>Returns the value of ``attribute`` from the element ``locator``.</doc>
<msg timestamp="20221010 23:51:37.471" level="INFO">${productIdList} = 1008632</msg>
<status status="PASS" starttime="20221010 23:51:37.430" endtime="20221010 23:51:37.471"/>
</kw>
<kw name="Append To List" library="Collections">
<arg>${products}</arg>
<arg>${productIdList}</arg>
<doc>Adds ``values`` to the end of ``list``.</doc>
<status status="PASS" starttime="20221010 23:51:37.472" endtime="20221010 23:51:37.473"/>
</kw>
<status status="PASS" starttime="20221010 23:51:37.429" endtime="20221010 23:51:37.473"/>
</iter>
<iter>
<var name="${i}">28</var>
<kw name="Evaluate" library="BuiltIn">
<var>${index}</var>
<arg>${i} + 1</arg>
<doc>Evaluates the given expression in Python and returns the result.</doc>
<msg timestamp="20221010 23:51:37.474" level="INFO">${index} = 29</msg>
<status status="PASS" starttime="20221010 23:51:37.473" endtime="20221010 23:51:37.474"/>
</kw>
<kw name="Get Element Attribute" library="SeleniumLibrary">
<var>${productIdList}</var>
<arg>xpath:(//div[@class='m-productCard'])[${index}]</arg>
<arg>data-productid</arg>
<doc>Returns the value of ``attribute`` from the element ``locator``.</doc>
<msg timestamp="20221010 23:51:37.517" level="INFO">${productIdList} = 988279</msg>
<status status="PASS" starttime="20221010 23:51:37.474" endtime="20221010 23:51:37.517"/>
</kw>
<kw name="Append To List" library="Collections">
<arg>${products}</arg>
<arg>${productIdList}</arg>
<doc>Adds ``values`` to the end of ``list``.</doc>
<status status="PASS" starttime="20221010 23:51:37.517" endtime="20221010 23:51:37.518"/>
</kw>
<status status="PASS" starttime="20221010 23:51:37.473" endtime="20221010 23:51:37.518"/>
</iter>
<iter>
<var name="${i}">29</var>
<kw name="Evaluate" library="BuiltIn">
<var>${index}</var>
<arg>${i} + 1</arg>
<doc>Evaluates the given expression in Python and returns the result.</doc>
<msg timestamp="20221010 23:51:37.520" level="INFO">${index} = 30</msg>
<status status="PASS" starttime="20221010 23:51:37.519" endtime="20221010 23:51:37.520"/>
</kw>
<kw name="Get Element Attribute" library="SeleniumLibrary">
<var>${productIdList}</var>
<arg>xpath:(//div[@class='m-productCard'])[${index}]</arg>
<arg>data-productid</arg>
<doc>Returns the value of ``attribute`` from the element ``locator``.</doc>
<msg timestamp="20221010 23:51:37.585" level="INFO">${productIdList} = 948609</msg>
<status status="PASS" starttime="20221010 23:51:37.520" endtime="20221010 23:51:37.585"/>
</kw>
<kw name="Append To List" library="Collections">
<arg>${products}</arg>
<arg>${productIdList}</arg>
<doc>Adds ``values`` to the end of ``list``.</doc>
<status status="PASS" starttime="20221010 23:51:37.586" endtime="20221010 23:51:37.586"/>
</kw>
<status status="PASS" starttime="20221010 23:51:37.518" endtime="20221010 23:51:37.586"/>
</iter>
<iter>
<var name="${i}">30</var>
<kw name="Evaluate" library="BuiltIn">
<var>${index}</var>
<arg>${i} + 1</arg>
<doc>Evaluates the given expression in Python and returns the result.</doc>
<msg timestamp="20221010 23:51:37.588" level="INFO">${index} = 31</msg>
<status status="PASS" starttime="20221010 23:51:37.587" endtime="20221010 23:51:37.588"/>
</kw>
<kw name="Get Element Attribute" library="SeleniumLibrary">
<var>${productIdList}</var>
<arg>xpath:(//div[@class='m-productCard'])[${index}]</arg>
<arg>data-productid</arg>
<doc>Returns the value of ``attribute`` from the element ``locator``.</doc>
<msg timestamp="20221010 23:51:37.641" level="INFO">${productIdList} = 989688</msg>
<status status="PASS" starttime="20221010 23:51:37.589" endtime="20221010 23:51:37.641"/>
</kw>
<kw name="Append To List" library="Collections">
<arg>${products}</arg>
<arg>${productIdList}</arg>
<doc>Adds ``values`` to the end of ``list``.</doc>
<status status="PASS" starttime="20221010 23:51:37.642" endtime="20221010 23:51:37.642"/>
</kw>
<status status="PASS" starttime="20221010 23:51:37.587" endtime="20221010 23:51:37.642"/>
</iter>
<iter>
<var name="${i}">31</var>
<kw name="Evaluate" library="BuiltIn">
<var>${index}</var>
<arg>${i} + 1</arg>
<doc>Evaluates the given expression in Python and returns the result.</doc>
<msg timestamp="20221010 23:51:37.643" level="INFO">${index} = 32</msg>
<status status="PASS" starttime="20221010 23:51:37.643" endtime="20221010 23:51:37.644"/>
</kw>
<kw name="Get Element Attribute" library="SeleniumLibrary">
<var>${productIdList}</var>
<arg>xpath:(//div[@class='m-productCard'])[${index}]</arg>
<arg>data-productid</arg>
<doc>Returns the value of ``attribute`` from the element ``locator``.</doc>
<msg timestamp="20221010 23:51:37.689" level="INFO">${productIdList} = 980781</msg>
<status status="PASS" starttime="20221010 23:51:37.644" endtime="20221010 23:51:37.689"/>
</kw>
<kw name="Append To List" library="Collections">
<arg>${products}</arg>
<arg>${productIdList}</arg>
<doc>Adds ``values`` to the end of ``list``.</doc>
<status status="PASS" starttime="20221010 23:51:37.689" endtime="20221010 23:51:37.690"/>
</kw>
<status status="PASS" starttime="20221010 23:51:37.643" endtime="20221010 23:51:37.690"/>
</iter>
<iter>
<var name="${i}">32</var>
<kw name="Evaluate" library="BuiltIn">
<var>${index}</var>
<arg>${i} + 1</arg>
<doc>Evaluates the given expression in Python and returns the result.</doc>
<msg timestamp="20221010 23:51:37.691" level="INFO">${index} = 33</msg>
<status status="PASS" starttime="20221010 23:51:37.690" endtime="20221010 23:51:37.691"/>
</kw>
<kw name="Get Element Attribute" library="SeleniumLibrary">
<var>${productIdList}</var>
<arg>xpath:(//div[@class='m-productCard'])[${index}]</arg>
<arg>data-productid</arg>
<doc>Returns the value of ``attribute`` from the element ``locator``.</doc>
<msg timestamp="20221010 23:51:37.734" level="INFO">${productIdList} = 975750</msg>
<status status="PASS" starttime="20221010 23:51:37.691" endtime="20221010 23:51:37.734"/>
</kw>
<kw name="Append To List" library="Collections">
<arg>${products}</arg>
<arg>${productIdList}</arg>
<doc>Adds ``values`` to the end of ``list``.</doc>
<status status="PASS" starttime="20221010 23:51:37.735" endtime="20221010 23:51:37.735"/>
</kw>
<status status="PASS" starttime="20221010 23:51:37.690" endtime="20221010 23:51:37.735"/>
</iter>
<iter>
<var name="${i}">33</var>
<kw name="Evaluate" library="BuiltIn">
<var>${index}</var>
<arg>${i} + 1</arg>
<doc>Evaluates the given expression in Python and returns the result.</doc>
<msg timestamp="20221010 23:51:37.736" level="INFO">${index} = 34</msg>
<status status="PASS" starttime="20221010 23:51:37.736" endtime="20221010 23:51:37.736"/>
</kw>
<kw name="Get Element Attribute" library="SeleniumLibrary">
<var>${productIdList}</var>
<arg>xpath:(//div[@class='m-productCard'])[${index}]</arg>
<arg>data-productid</arg>
<doc>Returns the value of ``attribute`` from the element ``locator``.</doc>
<msg timestamp="20221010 23:51:37.779" level="INFO">${productIdList} = 991481</msg>
<status status="PASS" starttime="20221010 23:51:37.737" endtime="20221010 23:51:37.779"/>
</kw>
<kw name="Append To List" library="Collections">
<arg>${products}</arg>
<arg>${productIdList}</arg>
<doc>Adds ``values`` to the end of ``list``.</doc>
<status status="PASS" starttime="20221010 23:51:37.780" endtime="20221010 23:51:37.780"/>
</kw>
<status status="PASS" starttime="20221010 23:51:37.736" endtime="20221010 23:51:37.781"/>
</iter>
<iter>
<var name="${i}">34</var>
<kw name="Evaluate" library="BuiltIn">
<var>${index}</var>
<arg>${i} + 1</arg>
<doc>Evaluates the given expression in Python and returns the result.</doc>
<msg timestamp="20221010 23:51:37.782" level="INFO">${index} = 35</msg>
<status status="PASS" starttime="20221010 23:51:37.781" endtime="20221010 23:51:37.782"/>
</kw>
<kw name="Get Element Attribute" library="SeleniumLibrary">
<var>${productIdList}</var>
<arg>xpath:(//div[@class='m-productCard'])[${index}]</arg>
<arg>data-productid</arg>
<doc>Returns the value of ``attribute`` from the element ``locator``.</doc>
<msg timestamp="20221010 23:51:37.825" level="INFO">${productIdList} = 976609</msg>
<status status="PASS" starttime="20221010 23:51:37.782" endtime="20221010 23:51:37.825"/>
</kw>
<kw name="Append To List" library="Collections">
<arg>${products}</arg>
<arg>${productIdList}</arg>
<doc>Adds ``values`` to the end of ``list``.</doc>
<status status="PASS" starttime="20221010 23:51:37.825" endtime="20221010 23:51:37.826"/>
</kw>
<status status="PASS" starttime="20221010 23:51:37.781" endtime="20221010 23:51:37.826"/>
</iter>
<iter>
<var name="${i}">35</var>
<kw name="Evaluate" library="BuiltIn">
<var>${index}</var>
<arg>${i} + 1</arg>
<doc>Evaluates the given expression in Python and returns the result.</doc>
<msg timestamp="20221010 23:51:37.827" level="INFO">${index} = 36</msg>
<status status="PASS" starttime="20221010 23:51:37.826" endtime="20221010 23:51:37.827"/>
</kw>
<kw name="Get Element Attribute" library="SeleniumLibrary">
<var>${productIdList}</var>
<arg>xpath:(//div[@class='m-productCard'])[${index}]</arg>
<arg>data-productid</arg>
<doc>Returns the value of ``attribute`` from the element ``locator``.</doc>
<msg timestamp="20221010 23:51:37.869" level="INFO">${productIdList} = 984914</msg>
<status status="PASS" starttime="20221010 23:51:37.827" endtime="20221010 23:51:37.869"/>
</kw>
<kw name="Append To List" library="Collections">
<arg>${products}</arg>
<arg>${productIdList}</arg>
<doc>Adds ``values`` to the end of ``list``.</doc>
<status status="PASS" starttime="20221010 23:51:37.870" endtime="20221010 23:51:37.870"/>
</kw>
<status status="PASS" starttime="20221010 23:51:37.826" endtime="20221010 23:51:37.870"/>
</iter>
<iter>
<var name="${i}">36</var>
<kw name="Evaluate" library="BuiltIn">
<var>${index}</var>
<arg>${i} + 1</arg>
<doc>Evaluates the given expression in Python and returns the result.</doc>
<msg timestamp="20221010 23:51:37.872" level="INFO">${index} = 37</msg>
<status status="PASS" starttime="20221010 23:51:37.871" endtime="20221010 23:51:37.872"/>
</kw>
<kw name="Get Element Attribute" library="SeleniumLibrary">
<var>${productIdList}</var>
<arg>xpath:(//div[@class='m-productCard'])[${index}]</arg>
<arg>data-productid</arg>
<doc>Returns the value of ``attribute`` from the element ``locator``.</doc>
<msg timestamp="20221010 23:51:37.914" level="INFO">${productIdList} = 938058</msg>
<status status="PASS" starttime="20221010 23:51:37.873" endtime="20221010 23:51:37.914"/>
</kw>
<kw name="Append To List" library="Collections">
<arg>${products}</arg>
<arg>${productIdList}</arg>
<doc>Adds ``values`` to the end of ``list``.</doc>
<status status="PASS" starttime="20221010 23:51:37.914" endtime="20221010 23:51:37.915"/>
</kw>
<status status="PASS" starttime="20221010 23:51:37.871" endtime="20221010 23:51:37.915"/>
</iter>
<iter>
<var name="${i}">37</var>
<kw name="Evaluate" library="BuiltIn">
<var>${index}</var>
<arg>${i} + 1</arg>
<doc>Evaluates the given expression in Python and returns the result.</doc>
<msg timestamp="20221010 23:51:37.916" level="INFO">${index} = 38</msg>
<status status="PASS" starttime="20221010 23:51:37.915" endtime="20221010 23:51:37.916"/>
</kw>
<kw name="Get Element Attribute" library="SeleniumLibrary">
<var>${productIdList}</var>
<arg>xpath:(//div[@class='m-productCard'])[${index}]</arg>
<arg>data-productid</arg>
<doc>Returns the value of ``attribute`` from the element ``locator``.</doc>
<msg timestamp="20221010 23:51:37.972" level="INFO">${productIdList} = 1008807</msg>
<status status="PASS" starttime="20221010 23:51:37.916" endtime="20221010 23:51:37.972"/>
</kw>
<kw name="Append To List" library="Collections">
<arg>${products}</arg>
<arg>${productIdList}</arg>
<doc>Adds ``values`` to the end of ``list``.</doc>
<status status="PASS" starttime="20221010 23:51:37.973" endtime="20221010 23:51:37.974"/>
</kw>
<status status="PASS" starttime="20221010 23:51:37.915" endtime="20221010 23:51:37.974"/>
</iter>
<iter>
<var name="${i}">38</var>
<kw name="Evaluate" library="BuiltIn">
<var>${index}</var>
<arg>${i} + 1</arg>
<doc>Evaluates the given expression in Python and returns the result.</doc>
<msg timestamp="20221010 23:51:37.975" level="INFO">${index} = 39</msg>
<status status="PASS" starttime="20221010 23:51:37.974" endtime="20221010 23:51:37.975"/>
</kw>
<kw name="Get Element Attribute" library="SeleniumLibrary">
<var>${productIdList}</var>
<arg>xpath:(//div[@class='m-productCard'])[${index}]</arg>
<arg>data-productid</arg>
<doc>Returns the value of ``attribute`` from the element ``locator``.</doc>
<msg timestamp="20221010 23:51:38.025" level="INFO">${productIdList} = 1015710</msg>
<status status="PASS" starttime="20221010 23:51:37.975" endtime="20221010 23:51:38.025"/>
</kw>
<kw name="Append To List" library="Collections">
<arg>${products}</arg>
<arg>${productIdList}</arg>
<doc>Adds ``values`` to the end of ``list``.</doc>
<status status="PASS" starttime="20221010 23:51:38.025" endtime="20221010 23:51:38.026"/>
</kw>
<status status="PASS" starttime="20221010 23:51:37.974" endtime="20221010 23:51:38.026"/>
</iter>
<iter>
<var name="${i}">39</var>
<kw name="Evaluate" library="BuiltIn">
<var>${index}</var>
<arg>${i} + 1</arg>
<doc>Evaluates the given expression in Python and returns the result.</doc>
<msg timestamp="20221010 23:51:38.028" level="INFO">${index} = 40</msg>
<status status="PASS" starttime="20221010 23:51:38.027" endtime="20221010 23:51:38.028"/>
</kw>
<kw name="Get Element Attribute" library="SeleniumLibrary">
<var>${productIdList}</var>
<arg>xpath:(//div[@class='m-productCard'])[${index}]</arg>
<arg>data-productid</arg>
<doc>Returns the value of ``attribute`` from the element ``locator``.</doc>
<msg timestamp="20221010 23:51:38.082" level="INFO">${productIdList} = 961011</msg>
<status status="PASS" starttime="20221010 23:51:38.028" endtime="20221010 23:51:38.082"/>
</kw>
<kw name="Append To List" library="Collections">
<arg>${products}</arg>
<arg>${productIdList}</arg>
<doc>Adds ``values`` to the end of ``list``.</doc>
<status status="PASS" starttime="20221010 23:51:38.083" endtime="20221010 23:51:38.083"/>
</kw>
<status status="PASS" starttime="20221010 23:51:38.026" endtime="20221010 23:51:38.083"/>
</iter>
<iter>
<var name="${i}">40</var>
<kw name="Evaluate" library="BuiltIn">
<var>${index}</var>
<arg>${i} + 1</arg>
<doc>Evaluates the given expression in Python and returns the result.</doc>
<msg timestamp="20221010 23:51:38.085" level="INFO">${index} = 41</msg>
<status status="PASS" starttime="20221010 23:51:38.084" endtime="20221010 23:51:38.085"/>
</kw>
<kw name="Get Element Attribute" library="SeleniumLibrary">
<var>${productIdList}</var>
<arg>xpath:(//div[@class='m-productCard'])[${index}]</arg>
<arg>data-productid</arg>
<doc>Returns the value of ``attribute`` from the element ``locator``.</doc>
<msg timestamp="20221010 23:51:38.142" level="INFO">${productIdList} = 988980</msg>
<status status="PASS" starttime="20221010 23:51:38.085" endtime="20221010 23:51:38.142"/>
</kw>
<kw name="Append To List" library="Collections">
<arg>${products}</arg>
<arg>${productIdList}</arg>
<doc>Adds ``values`` to the end of ``list``.</doc>
<status status="PASS" starttime="20221010 23:51:38.142" endtime="20221010 23:51:38.143"/>
</kw>
<status status="PASS" starttime="20221010 23:51:38.084" endtime="20221010 23:51:38.143"/>
</iter>
<iter>
<var name="${i}">41</var>
<kw name="Evaluate" library="BuiltIn">
<var>${index}</var>
<arg>${i} + 1</arg>
<doc>Evaluates the given expression in Python and returns the result.</doc>
<msg timestamp="20221010 23:51:38.144" level="INFO">${index} = 42</msg>
<status status="PASS" starttime="20221010 23:51:38.143" endtime="20221010 23:51:38.144"/>
</kw>
<kw name="Get Element Attribute" library="SeleniumLibrary">
<var>${productIdList}</var>
<arg>xpath:(//div[@class='m-productCard'])[${index}]</arg>
<arg>data-productid</arg>
<doc>Returns the value of ``attribute`` from the element ``locator``.</doc>
<msg timestamp="20221010 23:51:38.200" level="INFO">${productIdList} = 997649</msg>
<status status="PASS" starttime="20221010 23:51:38.144" endtime="20221010 23:51:38.200"/>
</kw>
<kw name="Append To List" library="Collections">
<arg>${products}</arg>
<arg>${productIdList}</arg>
<doc>Adds ``values`` to the end of ``list``.</doc>
<status status="PASS" starttime="20221010 23:51:38.201" endtime="20221010 23:51:38.201"/>
</kw>
<status status="PASS" starttime="20221010 23:51:38.143" endtime="20221010 23:51:38.202"/>
</iter>
<iter>
<var name="${i}">42</var>
<kw name="Evaluate" library="BuiltIn">
<var>${index}</var>
<arg>${i} + 1</arg>
<doc>Evaluates the given expression in Python and returns the result.</doc>
<msg timestamp="20221010 23:51:38.203" level="INFO">${index} = 43</msg>
<status status="PASS" starttime="20221010 23:51:38.202" endtime="20221010 23:51:38.203"/>
</kw>
<kw name="Get Element Attribute" library="SeleniumLibrary">
<var>${productIdList}</var>
<arg>xpath:(//div[@class='m-productCard'])[${index}]</arg>
<arg>data-productid</arg>
<doc>Returns the value of ``attribute`` from the element ``locator``.</doc>
<msg timestamp="20221010 23:51:38.257" level="INFO">${productIdList} = 988969</msg>
<status status="PASS" starttime="20221010 23:51:38.203" endtime="20221010 23:51:38.257"/>
</kw>
<kw name="Append To List" library="Collections">
<arg>${products}</arg>
<arg>${productIdList}</arg>
<doc>Adds ``values`` to the end of ``list``.</doc>
<status status="PASS" starttime="20221010 23:51:38.258" endtime="20221010 23:51:38.259"/>
</kw>
<status status="PASS" starttime="20221010 23:51:38.202" endtime="20221010 23:51:38.259"/>
</iter>
<iter>
<var name="${i}">43</var>
<kw name="Evaluate" library="BuiltIn">
<var>${index}</var>
<arg>${i} + 1</arg>
<doc>Evaluates the given expression in Python and returns the result.</doc>
<msg timestamp="20221010 23:51:38.261" level="INFO">${index} = 44</msg>
<status status="PASS" starttime="20221010 23:51:38.260" endtime="20221010 23:51:38.261"/>
</kw>
<kw name="Get Element Attribute" library="SeleniumLibrary">
<var>${productIdList}</var>
<arg>xpath:(//div[@class='m-productCard'])[${index}]</arg>
<arg>data-productid</arg>
<doc>Returns the value of ``attribute`` from the element ``locator``.</doc>
<msg timestamp="20221010 23:51:38.310" level="INFO">${productIdList} = 990669</msg>
<status status="PASS" starttime="20221010 23:51:38.262" endtime="20221010 23:51:38.310"/>
</kw>
<kw name="Append To List" library="Collections">
<arg>${products}</arg>
<arg>${productIdList}</arg>
<doc>Adds ``values`` to the end of ``list``.</doc>
<status status="PASS" starttime="20221010 23:51:38.311" endtime="20221010 23:51:38.311"/>
</kw>
<status status="PASS" starttime="20221010 23:51:38.259" endtime="20221010 23:51:38.312"/>
</iter>
<iter>
<var name="${i}">44</var>
<kw name="Evaluate" library="BuiltIn">
<var>${index}</var>
<arg>${i} + 1</arg>
<doc>Evaluates the given expression in Python and returns the result.</doc>
<msg timestamp="20221010 23:51:38.313" level="INFO">${index} = 45</msg>
<status status="PASS" starttime="20221010 23:51:38.312" endtime="20221010 23:51:38.313"/>
</kw>
<kw name="Get Element Attribute" library="SeleniumLibrary">
<var>${productIdList}</var>
<arg>xpath:(//div[@class='m-productCard'])[${index}]</arg>
<arg>data-productid</arg>
<doc>Returns the value of ``attribute`` from the element ``locator``.</doc>
<msg timestamp="20221010 23:51:38.360" level="INFO">${productIdList} = 1010056</msg>
<status status="PASS" starttime="20221010 23:51:38.314" endtime="20221010 23:51:38.360"/>
</kw>
<kw name="Append To List" library="Collections">
<arg>${products}</arg>
<arg>${productIdList}</arg>
<doc>Adds ``values`` to the end of ``list``.</doc>
<status status="PASS" starttime="20221010 23:51:38.360" endtime="20221010 23:51:38.361"/>
</kw>
<status status="PASS" starttime="20221010 23:51:38.312" endtime="20221010 23:51:38.361"/>
</iter>
<iter>
<var name="${i}">45</var>
<kw name="Evaluate" library="BuiltIn">
<var>${index}</var>
<arg>${i} + 1</arg>
<doc>Evaluates the given expression in Python and returns the result.</doc>
<msg timestamp="20221010 23:51:38.363" level="INFO">${index} = 46</msg>
<status status="PASS" starttime="20221010 23:51:38.362" endtime="20221010 23:51:38.363"/>
</kw>
<kw name="Get Element Attribute" library="SeleniumLibrary">
<var>${productIdList}</var>
<arg>xpath:(//div[@class='m-productCard'])[${index}]</arg>
<arg>data-productid</arg>
<doc>Returns the value of ``attribute`` from the element ``locator``.</doc>
<msg timestamp="20221010 23:51:38.411" level="INFO">${productIdList} = 980766</msg>
<status status="PASS" starttime="20221010 23:51:38.363" endtime="20221010 23:51:38.411"/>
</kw>
<kw name="Append To List" library="Collections">
<arg>${products}</arg>
<arg>${productIdList}</arg>
<doc>Adds ``values`` to the end of ``list``.</doc>
<status status="PASS" starttime="20221010 23:51:38.411" endtime="20221010 23:51:38.412"/>
</kw>
<status status="PASS" starttime="20221010 23:51:38.362" endtime="20221010 23:51:38.412"/>
</iter>
<iter>
<var name="${i}">46</var>
<kw name="Evaluate" library="BuiltIn">
<var>${index}</var>
<arg>${i} + 1</arg>
<doc>Evaluates the given expression in Python and returns the result.</doc>
<msg timestamp="20221010 23:51:38.413" level="INFO">${index} = 47</msg>
<status status="PASS" starttime="20221010 23:51:38.412" endtime="20221010 23:51:38.413"/>
</kw>
<kw name="Get Element Attribute" library="SeleniumLibrary">
<var>${productIdList}</var>
<arg>xpath:(//div[@class='m-productCard'])[${index}]</arg>
<arg>data-productid</arg>
<doc>Returns the value of ``attribute`` from the element ``locator``.</doc>
<msg timestamp="20221010 23:51:38.457" level="INFO">${productIdList} = 1003454</msg>
<status status="PASS" starttime="20221010 23:51:38.414" endtime="20221010 23:51:38.457"/>
</kw>
<kw name="Append To List" library="Collections">
<arg>${products}</arg>
<arg>${productIdList}</arg>
<doc>Adds ``values`` to the end of ``list``.</doc>
<status status="PASS" starttime="20221010 23:51:38.457" endtime="20221010 23:51:38.458"/>
</kw>
<status status="PASS" starttime="20221010 23:51:38.412" endtime="20221010 23:51:38.458"/>
</iter>
<iter>
<var name="${i}">47</var>
<kw name="Evaluate" library="BuiltIn">
<var>${index}</var>
<arg>${i} + 1</arg>
<doc>Evaluates the given expression in Python and returns the result.</doc>
<msg timestamp="20221010 23:51:38.459" level="INFO">${index} = 48</msg>
<status status="PASS" starttime="20221010 23:51:38.459" endtime="20221010 23:51:38.459"/>
</kw>
<kw name="Get Element Attribute" library="SeleniumLibrary">
<var>${productIdList}</var>
<arg>xpath:(//div[@class='m-productCard'])[${index}]</arg>
<arg>data-productid</arg>
<doc>Returns the value of ``attribute`` from the element ``locator``.</doc>
<msg timestamp="20221010 23:51:38.508" level="INFO">${productIdList} = 940642</msg>
<status status="PASS" starttime="20221010 23:51:38.460" endtime="20221010 23:51:38.508"/>
</kw>
<kw name="Append To List" library="Collections">
<arg>${products}</arg>
<arg>${productIdList}</arg>
<doc>Adds ``values`` to the end of ``list``.</doc>
<status status="PASS" starttime="20221010 23:51:38.508" endtime="20221010 23:51:38.509"/>
</kw>
<status status="PASS" starttime="20221010 23:51:38.458" endtime="20221010 23:51:38.509"/>
</iter>
<status status="PASS" starttime="20221010 23:51:33.996" endtime="20221010 23:51:38.509"/>
</for>
<kw name="Log List" library="Collections">
<arg>${products}</arg>
<doc>Logs the length and contents of the ``list`` using given ``level``.</doc>
<msg timestamp="20221010 23:51:38.510" level="INFO">List length is 48 and it contains following items:
0: 1008793
1: 988288
2: 1021364
3: 975738
4: 1028226
5: 1001328
6: 835929
7: 985530
8: 1018974
9: 985522
10: 959298
11: 1010774
12: 997356
13: 989953
14: 976921
15: 910334
16: 989394
17: 984040
18: 522140
19: 975709
20: 968869
21: 975810
22: 988985
23: 962752
24: 969940
25: 970292
26: 985822
27: 1008632
28: 988279
29: 948609
30: 989688
31: 980781
32: 975750
33: 991481
34: 976609
35: 984914
36: 938058
37: 1008807
38: 1015710
39: 961011
40: 988980
41: 997649
42: 988969
43: 990669
44: 1010056
45: 980766
46: 1003454
47: 940642</msg>
<status status="PASS" starttime="20221010 23:51:38.509" endtime="20221010 23:51:38.510"/>
</kw>
<kw name="Evaluate" library="BuiltIn">
<var>${value}</var>
<arg>random.choice($products)</arg>
<arg>random</arg>
<doc>Evaluates the given expression in Python and returns the result.</doc>
<msg timestamp="20221010 23:51:38.520" level="INFO">${value} = 988969</msg>
<status status="PASS" starttime="20221010 23:51:38.510" endtime="20221010 23:51:38.520"/>
</kw>
<kw name="Set Variable" library="BuiltIn">
<var>${selected product}</var>
<arg>//div[@data-productid='${value}']</arg>
<doc>Returns the given values which can then be assigned to a variables.</doc>
<msg timestamp="20221010 23:51:38.521" level="INFO">${selected product} = //div[@data-productid='988969']</msg>
<status status="PASS" starttime="20221010 23:51:38.520" endtime="20221010 23:51:38.521"/>
</kw>
<kw name="Click Element" library="SeleniumLibrary">
<arg>//div[@data-productid='${value}']</arg>
<doc>Click the element identified by ``locator``.</doc>
<msg timestamp="20221010 23:51:38.522" level="INFO">Clicking element '//div[@data-productid='988969']'.</msg>
<status status="PASS" starttime="20221010 23:51:38.521" endtime="20221010 23:51:43.756"/>
</kw>
<kw name="Sleep" library="BuiltIn">
<arg>5s</arg>
<doc>Pauses the test executed for the given time.</doc>
<msg timestamp="20221010 23:51:48.772" level="INFO">Slept 5 seconds</msg>
<status status="PASS" starttime="20221010 23:51:43.756" endtime="20221010 23:51:48.772"/>
</kw>
<kw name="Get Text" library="SeleniumLibrary">
<var>${title}</var>
<arg>${product_title}</arg>
<doc>Returns the text value of the element identified by ``locator``.</doc>
<msg timestamp="20221010 23:51:48.836" level="INFO">${title} = Beymen Club</msg>
<status status="PASS" starttime="20221010 23:51:48.772" endtime="20221010 23:51:48.836"/>
</kw>
<kw name="Get Text" library="SeleniumLibrary">
<var>${description}</var>
<arg>${product_description}</arg>
<doc>Returns the text value of the element identified by ``locator``.</doc>
<msg timestamp="20221010 23:51:48.888" level="INFO">${description} = Pembe Çizgili Boyfriend Gömlek</msg>
<status status="PASS" starttime="20221010 23:51:48.836" endtime="20221010 23:51:48.888"/>
</kw>
<kw name="Get Text" library="SeleniumLibrary">
<var>${price}</var>
<arg>${product_price}</arg>
<doc>Returns the text value of the element identified by ``locator``.</doc>
<msg timestamp="20221010 23:51:48.938" level="INFO">${price} = 779,00 TL</msg>
<status status="PASS" starttime="20221010 23:51:48.889" endtime="20221010 23:51:48.938"/>
</kw>
<kw name="Get Text" library="SeleniumLibrary">
<var>${color}</var>
<arg>${product_color}</arg>
<doc>Returns the text value of the element identified by ``locator``.</doc>
<msg timestamp="20221010 23:51:48.997" level="INFO">${color} = Renk Pembe</msg>
<status status="PASS" starttime="20221010 23:51:48.939" endtime="20221010 23:51:48.997"/>
</kw>
<kw name="Append To File" library="OperatingSystem">
<arg>C:/Users/EDA/PycharmProjects/BeymenTest/Resources/details.txt</arg>
<arg>${title}\n</arg>
<doc>Appends the given content to the specified file.</doc>
<msg timestamp="20221010 23:51:48.999" level="INFO" html="true">Appended to file '&lt;a href="file://C:\Users\EDA\PycharmProjects\BeymenTest\Resources\details.txt"&gt;C:\Users\EDA\PycharmProjects\BeymenTest\Resources\details.txt&lt;/a&gt;'.</msg>
<status status="PASS" starttime="20221010 23:51:48.997" endtime="20221010 23:51:48.999"/>
</kw>
<kw name="Append To File" library="OperatingSystem">
<arg>C:/Users/EDA/PycharmProjects/BeymenTest/Resources/details.txt</arg>
<arg>${description}\n</arg>
<doc>Appends the given content to the specified file.</doc>
<msg timestamp="20221010 23:51:49.001" level="INFO" html="true">Appended to file '&lt;a href="file://C:\Users\EDA\PycharmProjects\BeymenTest\Resources\details.txt"&gt;C:\Users\EDA\PycharmProjects\BeymenTest\Resources\details.txt&lt;/a&gt;'.</msg>
<status status="PASS" starttime="20221010 23:51:49.000" endtime="20221010 23:51:49.002"/>
</kw>
<kw name="Append To File" library="OperatingSystem">
<arg>C:/Users/EDA/PycharmProjects/BeymenTest/Resources/details.txt</arg>
<arg>${price}\n</arg>
<doc>Appends the given content to the specified file.</doc>
<msg timestamp="20221010 23:51:49.003" level="INFO" html="true">Appended to file '&lt;a href="file://C:\Users\EDA\PycharmProjects\BeymenTest\Resources\details.txt"&gt;C:\Users\EDA\PycharmProjects\BeymenTest\Resources\details.txt&lt;/a&gt;'.</msg>
<status status="PASS" starttime="20221010 23:51:49.002" endtime="20221010 23:51:49.004"/>
</kw>
<kw name="Append To File" library="OperatingSystem">
<arg>C:/Users/EDA/PycharmProjects/BeymenTest/Resources/details.txt</arg>
<arg>${color}\n</arg>
<doc>Appends the given content to the specified file.</doc>
<msg timestamp="20221010 23:51:49.005" level="INFO" html="true">Appended to file '&lt;a href="file://C:\Users\EDA\PycharmProjects\BeymenTest\Resources\details.txt"&gt;C:\Users\EDA\PycharmProjects\BeymenTest\Resources\details.txt&lt;/a&gt;'.</msg>
<status status="PASS" starttime="20221010 23:51:49.004" endtime="20221010 23:51:49.006"/>
</kw>
<status status="PASS" starttime="20221010 23:51:33.596" endtime="20221010 23:51:49.006"/>
</kw>
<kw name="Sleep" library="BuiltIn">
<arg>5s</arg>
<doc>Pauses the test executed for the given time.</doc>
<msg timestamp="20221010 23:51:54.015" level="INFO">Slept 5 seconds</msg>
<status status="PASS" starttime="20221010 23:51:49.007" endtime="20221010 23:51:54.015"/>
</kw>
<kw name="Add to Shopping Cart">
<kw name="Create List" library="BuiltIn">
<var>${body_size}</var>
<doc>Returns a list containing given items.</doc>
<msg timestamp="20221010 23:51:54.021" level="INFO">${body_size} = []</msg>
<status status="PASS" starttime="20221010 23:51:54.019" endtime="20221010 23:51:54.021"/>
</kw>
<kw name="Get Element Count" library="SeleniumLibrary">
<var>${count}</var>
<arg>xpath://span[@class='m-variation__item -criticalStock']</arg>
<doc>Returns the number of elements matching ``locator``.</doc>
<msg timestamp="20221010 23:51:54.063" level="INFO">${count} = 4</msg>
<status status="PASS" starttime="20221010 23:51:54.022" endtime="20221010 23:51:54.063"/>
</kw>
<for flavor="IN RANGE">
<var>${i}</var>
<value>${count}</value>
<iter>
<var name="${i}">0</var>
<kw name="Evaluate" library="BuiltIn">
<var>${index}</var>
<arg>${i} + 1</arg>
<doc>Evaluates the given expression in Python and returns the result.</doc>
<msg timestamp="20221010 23:51:54.066" level="INFO">${index} = 1</msg>
<status status="PASS" starttime="20221010 23:51:54.064" endtime="20221010 23:51:54.066"/>
</kw>
<kw name="Get Element Attribute" library="SeleniumLibrary">
<var>${sizeList}</var>
<arg>xpath:(//span[@class='m-variation__item -criticalStock'])[${index}]</arg>
<arg>class</arg>
<doc>Returns the value of ``attribute`` from the element ``locator``.</doc>
<msg timestamp="20221010 23:51:54.120" level="INFO">${sizeList} = m-variation__item -criticalStock</msg>
<status status="PASS" starttime="20221010 23:51:54.066" endtime="20221010 23:51:54.120"/>
</kw>
<kw name="Click Element" library="SeleniumLibrary">
<arg>xpath:(//span[@class='m-variation__item -criticalStock'])[${index}]</arg>
<doc>Click the element identified by ``locator``.</doc>
<msg timestamp="20221010 23:51:54.121" level="INFO">Clicking element 'xpath:(//span[@class='m-variation__item -criticalStock'])[1]'.</msg>
<status status="PASS" starttime="20221010 23:51:54.120" endtime="20221010 23:51:54.319"/>
</kw>
<kw name="Exit For Loop" library="BuiltIn">
<doc>Stops executing the enclosing FOR loop.</doc>
<msg timestamp="20221010 23:51:54.320" level="INFO">Exiting for loop altogether.</msg>
<status status="PASS" starttime="20221010 23:51:54.320" endtime="20221010 23:51:54.322"/>
</kw>
<status status="PASS" starttime="20221010 23:51:54.064" endtime="20221010 23:51:54.322"/>
</iter>
<status status="PASS" starttime="20221010 23:51:54.063" endtime="20221010 23:51:54.322"/>
</for>
<kw name="Click Button" library="SeleniumLibrary">
<arg>${add_cart_button}</arg>
<doc>Clicks the button identified by ``locator``.</doc>
<msg timestamp="20221010 23:51:54.323" level="INFO">Clicking button '//button[@id='addBasket']'.</msg>
<status status="PASS" starttime="20221010 23:51:54.322" endtime="20221010 23:51:54.555"/>
</kw>
<status status="PASS" starttime="20221010 23:51:54.018" endtime="20221010 23:51:54.556"/>
</kw>
<kw name="Sleep" library="BuiltIn">
<arg>5s</arg>
<doc>Pauses the test executed for the given time.</doc>
<msg timestamp="20221010 23:51:59.569" level="INFO">Slept 5 seconds</msg>
<status status="PASS" starttime="20221010 23:51:54.557" endtime="20221010 23:51:59.569"/>
</kw>
<kw name="verification price">
<kw name="Get Text" library="SeleniumLibrary">
<var>${price}</var>
<arg>${product_price}</arg>
<doc>Returns the text value of the element identified by ``locator``.</doc>
<msg timestamp="20221010 23:51:59.603" level="INFO">${price} = 779,00 TL</msg>
<status status="PASS" starttime="20221010 23:51:59.571" endtime="20221010 23:51:59.603"/>
</kw>
<kw name="Click Element" library="SeleniumLibrary">
<arg>${cart_button}</arg>
<doc>Click the element identified by ``locator``.</doc>
<msg timestamp="20221010 23:51:59.604" level="INFO">Clicking element '//a[@class='o-header__userInfo--item bwi-cart-o -cart']'.</msg>
<status status="PASS" starttime="20221010 23:51:59.604" endtime="20221010 23:52:07.327"/>
</kw>
<kw name="Sleep" library="BuiltIn">
<arg>5s</arg>
<doc>Pauses the test executed for the given time.</doc>
<msg timestamp="20221010 23:52:12.338" level="INFO">Slept 5 seconds</msg>
<status status="PASS" starttime="20221010 23:52:07.327" endtime="20221010 23:52:12.338"/>
</kw>
<kw name="Get Text" library="SeleniumLibrary">
<var>${amount_price}</var>
<arg>${amount}</arg>
<doc>Returns the text value of the element identified by ``locator``.</doc>
<msg timestamp="20221010 23:52:12.393" level="INFO">${amount_price} = 779,00 TL</msg>
<status status="PASS" starttime="20221010 23:52:12.339" endtime="20221010 23:52:12.393"/>
</kw>
<kw name="Should Be True" library="BuiltIn">
<arg>'${amount_price}'=='${price}'</arg>
<doc>Fails if the given condition is not true.</doc>
<status status="PASS" starttime="20221010 23:52:12.393" endtime="20221010 23:52:12.394"/>
</kw>
<status status="PASS" starttime="20221010 23:51:59.570" endtime="20221010 23:52:12.394"/>
</kw>
<kw name="Close Browser" library="SeleniumLibrary" type="TEARDOWN">
<doc>Closes the current browser.</doc>
<status status="PASS" starttime="20221010 23:52:12.395" endtime="20221010 23:52:16.627"/>
</kw>
<status status="PASS" starttime="20221010 23:51:14.989" endtime="20221010 23:52:16.627"/>
</test>
<status status="PASS" starttime="20221010 23:51:14.261" endtime="20221010 23:52:16.630"/>
</suite>
<statistics>
<total>
<stat pass="1" fail="0" skip="0">All Tests</stat>
</total>
<tag>
</tag>
<suite>
<stat pass="1" fail="0" skip="0" id="s1" name="Test1">Test1</stat>
</suite>
</statistics>
<errors>
</errors>
</robot>
