<?xml version="1.0" encoding="UTF-8"?>
<robot generator="Robot 5.0.1 (Python 3.7.2 on win32)" generated="20221006 17:02:02.843" rpa="false" schemaversion="3">
<suite id="s1" name="Test1" source="C:\Users\EDA\PycharmProjects\BeymenTest\Test Case\test1.robot">
<test id="s1-t1" name="Validate homePage" line="17">
<status status="FAIL" starttime="20221006 17:02:03.531" endtime="20221006 17:02:03.531">Test contains no keywords.</status>
</test>
<status status="FAIL" starttime="20221006 17:02:02.859" endtime="20221006 17:02:03.531"/>
</suite>
<statistics>
<total>
<stat pass="0" fail="1" skip="0">All Tests</stat>
</total>
<tag>
</tag>
<suite>
<stat pass="0" fail="1" skip="0" id="s1" name="Test1">Test1</stat>
</suite>
</statistics>
<errors>
</errors>
</robot>
